*** Using Compiler 'V5.06 update 4 (build 422)', folder: 'E:\Keil_v5\ARM\ARMCC\Bin'
Build target 'Template'
compiling BSP.c...
compiling senior.c...
compiling Auto_shoot.c...
compiling main.c...
compiling infantry_gimbal_task.c...
compiling PM01.c...
compiling mode_switch_task.c...
compiling CanBus.c...
compiling usart.c...
compiling DJI_MOTOR.c...
compiling LK_TECH.c...
compiling delay.c...
compiling CH100.c...
compiling HT430.c...
compiling JUDGE.c...
compiling can.c...
compiling led.c...
compiling HI220.c...
compiling REMOTE.c...
linking...
Program Size: Code=15120 RO-data=424 RW-data=104 ZI-data=5944  
FromELF: creating hex file...
"..\OBJ\Template.axf" - 0 Error(s), 0 Warning(s).
Build Time Elapsed:  00:00:09
